20240301	00:55:43	d2ef9604-d9cb-45c1-8332-08d6d3d1534f	POST	/user	undefined
20240301	00:57:53	9b6903a2-5a34-4050-bd49-f6d5fb1daadd	POST	/user	undefined
20240301	01:14:45	69a41c61-c091-4080-9e51-de807b14112d	POST	/user	undefined
20240301	01:15:01	f703c796-bc71-4364-9ca4-45745e8093dc	POST	/user	undefined
20240301	01:16:05	1a22a0ac-eea5-4c36-9151-0dd932a53a2e	POST	/user	undefined
20240301	01:16:22	1b000fd0-2720-4079-aa4b-040b0a39348e	POST	/user	undefined
20240301	01:16:41	7f6a3027-9d60-4500-83a5-7c8cb75360a0	POST	/user	undefined
20240301	01:17:05	b520aa3d-5f8e-4037-8296-57c341f4e293	POST	/user	undefined
20240301	01:17:53	75292e6f-fc23-4d8e-a936-14d5907ca2ad	POST	/user	undefined
20240301	13:03:40	bb84c59a-1d33-4361-8abc-7f4951f5beb4	POST	/user	undefined
20240301	13:05:39	93b8c8d1-03e6-47b8-8c7d-93b58970c7ab	POST	/user	undefined
20240301	13:06:10	08bdb1ea-82b4-49d8-b065-6f6d1c06ac54	POST	/user	undefined
20240301	13:06:27	9bd0535d-f4e6-4be9-94af-c48e436e775e	POST	/user	undefined
20240301	13:06:35	797eaa45-7a09-44c7-b394-18408b2db800	POST	/user	undefined
20240301	13:06:48	f2746fb9-311c-4529-a2a1-f72bf35470e0	POST	/user	undefined
20240301	13:07:03	ad6114c0-ab0f-4a55-a27c-3ac6b71ceef9	POST	/user	undefined
20240301	13:07:55	cb527ab1-43d6-489b-bef2-0fcde7b21f53	GET	/user	undefined
20240301	13:08:19	d9b80f33-b401-4f2c-8ca8-e2d6645e0fe7	GET	/user	undefined
20240301	13:08:41	9dca9771-3aef-4318-8cdf-bae093b57b3c	GET	/user	undefined
20240301	13:09:38	e7f5931d-580c-4dd4-84f2-8badac3f73bd	GET	/user	undefined
20240301	14:54:42	be2717bf-2710-4d98-90f0-dc523c8d6cd2	GET	/user	undefined
20240301	18:07:05	d01d2bbb-a2b6-423c-86c7-d2337c10c6c5	POST	/user	undefined
20240301	18:09:18	273ba766-97c6-484e-82f1-9f0b3d0bfc6a	DELETE	/user	undefined
20240301	18:09:41	04674c31-0ee1-4232-9199-23a28f5264f2	POST	/user	undefined
20240301	18:11:34	7efa205e-c077-451f-8916-ded46b2f678c	POST	/user	undefined
20240301	18:17:55	6687dcfe-3e25-4e40-b837-7bbef9832909	POST	/user	undefined
20240301	18:19:05	fd27ee6f-3ac1-4def-899a-d001ff12f48e	POST	/user	undefined
20240301	18:21:23	90791d11-602d-4404-ac39-a195572923e5	PATCH	/user	undefined
20240301	18:21:59	9887277f-6e73-40df-8cd9-807084e7403f	PATCH	/user	undefined
20240301	18:22:41	35ae25f8-8357-480e-9d26-6d586abeea9e	PATCH	/user	undefined
20240301	18:23:18	0682f7b1-98b7-453b-9ee0-51aa6315863e	PATCH	/user	undefined
20240303	00:29:46	899c113e-b8e6-415c-b020-041f79fb9f39	GET	/user	undefined
20240303	00:36:08	57b44235-026e-4d12-bf47-325d6da835f2	GET	/user	undefined
20240303	00:36:25	e71270fc-f00a-4e5c-b79f-fef4672d1fba	POST	/user	undefined
20240303	00:37:18	75942db6-3bb6-4438-b627-4644eaa49079	POST	/auth	undefined
20240303	00:44:15	85558a70-ca24-4a9b-8f12-cd651dbdea7b	POST	/auth	undefined
20240303	00:46:09	d0837f0b-0bd2-47a4-8694-cbdd99b81725	POST	/auth	undefined
20240303	00:47:47	d9338b89-923a-48d0-a670-7658f07a7d30	POST	/auth	undefined
20240303	00:49:52	7c6d72e6-a6c0-4261-9a58-9dfc373dc779	POST	/auth	undefined
20240303	00:50:45	9809c990-4144-438e-b61a-723637dd2718	POST	/auth	undefined
20240303	00:51:24	56b7c069-d6f6-485b-9aae-4685501db91a	POST	/auth	undefined
20240303	01:09:40	e7e66c74-a42e-4d99-93e6-f7367e833c5d	POST	/auth	undefined
20240303	01:17:27	e5bfc0b5-55ff-487f-8140-5e2eae680fe6	POST	/auth	undefined
20240303	01:20:46	e827f786-ab6a-4db0-be30-1e4cefa88426	POST	/auth	undefined
20240303	01:45:06	afa6992a-0794-4903-9af6-c8cb485526a2	GET	/user	undefined
20240303	01:58:06	5e3ad834-263b-44ad-8d19-c3e3d1881ce4	GET	/user	undefined
20240303	01:59:58	d1070f6a-56e8-4ac0-89a3-030c09f9a2e4	GET	/user	undefined
20240303	02:00:47	c8166363-bafd-457a-99bc-f94f0a261dcf	GET	/user	undefined
20240303	02:02:41	2fe74d92-4abf-477d-b9cb-7a671bd61ed6	GET	/user	undefined
20240303	02:03:27	6b6c41b5-8256-4e2a-bd04-fe1b5a31d842	GET	/user	undefined
20240303	02:05:17	cec32b6e-0629-48df-a680-b30a30a1adc5	GET	/user	undefined
20240303	02:07:22	3855b1d0-d44f-45f4-8ebf-e9db584e4333	POST	/auth	undefined
20240303	02:08:44	4d3a8258-6654-4257-a473-51fb826d8ecf	POST	/auth	undefined
20240303	02:10:45	14c23d90-d788-49e5-a0bc-7b64ab770dca	POST	/auth	undefined
20240303	02:11:17	0389c160-17b0-49b4-8710-1800c59e33bb	POST	/auth	undefined
20240303	02:11:44	65922073-1870-4ae5-bd9c-4588cdcdbe2c	GET	/user	undefined
20240303	02:12:05	13f17ff4-c3ae-436a-ab7d-be31544e59b6	GET	/user	undefined
20240303	02:13:30	b80f0d49-c3af-47d1-a5c4-0125134aaaf0	POST	/auth	undefined
20240303	02:14:47	770a8168-59ce-4c66-8a4e-f8b05502e362	POST	/auth	undefined
20240303	02:15:14	b1fed2ef-d95e-4a6d-92c3-401e7f96dd2d	GET	/user	undefined
20240303	02:15:49	34c3eb58-b0db-4dc6-9236-ebb3dcfbbd30	GET	/user	undefined
20240303	02:18:03	8f76207f-0085-4399-9b95-5db592dce0b6	GET	/user	undefined
20240303	02:18:39	6219a31e-3a25-491a-bf87-ea0eeba1e4a1	GET	/user	undefined
20240303	02:20:52	7f833605-0820-4014-8aba-661045b76f2c	GET	/user	undefined
20240303	02:21:34	1d244f7f-8d97-46a2-9a90-55915fadc91c	GET	/user	undefined
20240303	02:24:10	c830ed5b-5c8a-48b4-ad39-5febfa4eca5b	GET	/user/65e28c99a9a9429019ce1b45?Authorization=Bearer%20eyJhbGciOiJIUzI1NiIsInR5cCI6IkpXVCJ9.eyJVc2VySW5mbyI6eyJ1c2VySWQiOiI2NWU0MzY4OTYxODlhMzBmZmIxODE2NzYiLCJ1c2VybmFtZSI6InRlbXAxMjMifSwiaWF0IjoxNzA5NDYwODg4LCJleHAiOjE3MTAwNjU2ODh9.2Q9eOysH9q2N1Cr1-ISStzoiMcbzMymA888xsG4qi6Y	undefined
20240303	02:24:19	308bd888-413a-49e6-add1-1c873d065a1e	GET	/user	undefined
20240303	02:24:44	71d6584f-83e7-43db-b48f-44593f8ce63f	GET	/user/65e28c99a9a9429019ce1b45?Authorization=Bearer%20eyJhbGciOiJIUzI1NiIsInR5cCI6IkpXVCJ9.eyJVc2VySW5mbyI6eyJ1c2VySWQiOiI2NWU0MzY4OTYxODlhMzBmZmIxODE2NzYiLCJ1c2VybmFtZSI6InRlbXAxMjMifSwiaWF0IjoxNzA5NDYwODg4LCJleHAiOjE3MTAwNjU2ODh9.2Q9eOysH9q2N1Cr1-ISStzoiMcbzMymA888xsG4qi6Y	undefined
20240303	02:25:32	a8dedae3-d263-4118-9a25-8b0677518f36	GET	/user/65e28c99a9a9429019ce1b45?=	undefined
20240303	02:25:43	afb7fc84-52c0-4e1a-842c-af1e1b9de9b9	GET	/user/65e28c99a9a9429019ce1b45	undefined
20240303	02:26:17	5c5ab4cf-4d9e-4c22-9b93-213c82aaeb78	GET	/user/65e28c99a9a9429019ce1b45	undefined
20240303	02:35:11	d94fd048-70ca-4f80-a3cd-16b47ae18d63	POST	/bank-account	undefined
20240303	02:36:58	8579f7f6-52f4-45bb-95e1-54c3e98c96dd	POST	/bank-account	undefined
20240303	02:37:48	0949c8e7-a659-41ba-b3f0-124b7307dbda	POST	/bank-account	undefined
20240303	02:38:14	db76fa7d-f4d2-4bde-87c0-fc00ea676f6b	POST	/bank-account	undefined
20240303	20:15:06	d486843e-0ed9-44c0-9a17-fa1b8e6fde8a	GET	/user	undefined
20240303	20:16:57	7c9c2039-35fd-43e3-964f-4f4a8f59a46a	POST	/auth	undefined
20240303	20:21:02	e704aa26-1ed9-4629-8646-354fe9db91d5	POST	/auth	undefined
20240303	20:27:09	4638586a-e4d3-4219-b3fa-eb9eb87c226f	POST	/user	undefined
20240303	20:29:18	34e5b6af-ce8a-4b66-bcbe-30e6674a6cb6	POST	/user	undefined
20240303	20:32:29	2afff4f0-164f-46c6-b682-acb58e179eaa	POST	/user	undefined
20240303	20:35:11	af896290-8e6e-4d85-a81d-2694644969d7	POST	/user	undefined
20240303	21:14:36	2389b757-5e0e-4748-ad8a-1af929ef5b0b	POST	/user	undefined
20240303	21:15:26	9a7339fc-8fd9-477f-a66b-56decf66a43b	POST	/user	undefined
20240303	21:16:05	4e5b93f5-c53e-4843-8b96-5f2398b8ef14	POST	/user	undefined
20240303	21:21:12	e6100d9d-8dda-4a0b-be56-22ab49412a7d	POST	/user	undefined
20240303	21:21:23	df1f7899-6670-4438-ba07-c87a0789702f	POST	/user	undefined
